#
# A fatal error has been detected by the Java Runtime Environment:
#
#  SIGSEGV (0xb) at pc=0x00007fff93ceb0dd, pid=2007, tid=86023
#
# JRE version: Java(TM) SE Runtime Environment (7.0_67-b01) (build 1.7.0_67-b01)
# Java VM: Java HotSpot(TM) 64-Bit Server VM (24.65-b04 mixed mode bsd-amd64 compressed oops)
# Problematic frame:
# C  [libobjc.A.dylib+0x10dd]  objc_msgSend+0x1d
#
# Failed to write core dump. Core dumps have been disabled. To enable core dumping, try "ulimit -c unlimited" before starting Java again
#
# If you would like to submit a bug report, please visit:
#   http://bugreport.sun.com/bugreport/crash.jsp
# The crash happened outside the Java Virtual Machine in native code.
# See problematic frame for where to report the bug.
#

---------------  T H R E A D  ---------------

Current thread (0x00007ff1ac05a000):  JavaThread "Thread-0" daemon [_thread_in_native, id=86023, stack(0x0000000124966000,0x0000000124a66000)]

siginfo:si_signo=SIGSEGV: si_errno=0, si_code=1 (SEGV_MAPERR), si_addr=0x000007ff1b1c0448

Registers:
RAX=0x0000000000000000, RBX=0x00007ff1ab6fa610, RCX=0x0000000000000000, RDX=0x0000000124a65748
RSP=0x0000000124a657d8, RBP=0x0000000124a65820, RSI=0x00007fff8a773176, RDI=0x00007ff1ab6fa780
R8 =0x000000000000003f, R9 =0x00007ff1ae08e2f0, R10=0x00007fff8a773176, R11=0x000007ff1b1c0430
R12=0x00007fff93ceb0c0, R13=0x00007fff92cdfb09, R14=0x00007fff8a773176, R15=0x00007ff1ae101a10
RIP=0x00007fff93ceb0dd, EFLAGS=0x0000000000010206, ERR=0x0000000000000004
  TRAPNO=0x000000000000000e

Top of Stack: (sp=0x0000000124a657d8)
0x0000000124a657d8:   000000011c17d97b 00007ff1ab53abe0
0x0000000124a657e8:   4014000000000000 3fa1eb851eb851ec
0x0000000124a657f8:   00007ff1ac05a1e8 0000000000000000
0x0000000124a65808:   00000006fb8ae570 0000000124a658e0
0x0000000124a65818:   00007ff1ac05a000 0000000124a65830
0x0000000124a65828:   000000011c16e673 0000000124a65850
0x0000000124a65838:   000000011bb8cc56 00000006fb8ae570
0x0000000124a65848:   0000000124a658e0 0000000124a658b8
0x0000000124a65858:   00000001065a4758 0000000000000000
0x0000000124a65868:   0000000000000000 00000000000000dc
0x0000000124a65878:   0000000124a65878 0000000000000000
0x0000000124a65888:   0000000124a658e0 00000006fb8af0a8
0x0000000124a65898:   0000000000000000 00000006fb8ae570
0x0000000124a658a8:   0000000000000000 0000000124a658d8
0x0000000124a658b8:   0000000124a65928 0000000106598350
0x0000000124a658c8:   00000007aeb4e7e0 00000001065a0cc0
0x0000000124a658d8:   00007ff1b1b1d180 0000000124a65998
0x0000000124a658e8:   0000000124a658e8 00000006fb8ad6d4
0x0000000124a658f8:   0000000124a65940 00000006fb8af0a8
0x0000000124a65908:   0000000000000000 00000006fb8ad700
0x0000000124a65918:   0000000124a658d8 0000000124a65940
0x0000000124a65928:   0000000124a65998 0000000106598350
0x0000000124a65938:   0000000000000000 00000007aeb2a008
0x0000000124a65948:   00000007ab5562e8 00000007aeb10080
0x0000000124a65958:   0000000124a65948 00000006fb8afaba
0x0000000124a65968:   0000000124a659d0 00000006fb8afed0
0x0000000124a65978:   0000000000000000 00000006fb8afbd8
0x0000000124a65988:   0000000124a65940 0000000124a659d0
0x0000000124a65998:   0000000124a65a18 0000000106598706
0x0000000124a659a8:   0000000000000000 00000007aad370a8
0x0000000124a659b8:   00000007aad36ec0 00000007aad36ec0
0x0000000124a659c8:   00000007aeb10080 00000007aeb10080 

Instructions: (pc=0x00007fff93ceb0dd)
0x00007fff93ceb0bd:   00 00 00 48 85 ff 2e 74 7a 40 f6 c7 01 2e 75 7e
0x00007fff93ceb0cd:   49 bb f8 ff ff ff ff 7f 00 00 4c 23 1f 49 89 f2
0x00007fff93ceb0dd:   45 23 53 18 49 c1 e2 04 4d 03 53 10 49 3b 32 75
0x00007fff93ceb0ed:   04 41 ff 62 08 49 83 3a 00 74 6a 4d 3b 53 10 74 

Register to memory mapping:

RAX=0x0000000000000000 is an unknown value
RBX=0x00007ff1ab6fa610 is an unknown value
RCX=0x0000000000000000 is an unknown value
RDX=0x0000000124a65748 is pointing into the stack for thread: 0x00007ff1ac05a000
RSP=0x0000000124a657d8 is pointing into the stack for thread: 0x00007ff1ac05a000
RBP=0x0000000124a65820 is pointing into the stack for thread: 0x00007ff1ac05a000
RSI=0x00007fff8a773176 is an unknown value
RDI=0x00007ff1ab6fa780 is an unknown value
R8 =0x000000000000003f is an unknown value
R9 =0x00007ff1ae08e2f0 is an unknown value
R10=0x00007fff8a773176 is an unknown value
R11=0x000007ff1b1c0430 is an unknown value
R12=0x00007fff93ceb0c0: objc_msgSend+0 in /usr/lib/libobjc.A.dylib at 0x00007fff93cea000
R13=0x00007fff92cdfb09: -[NSTitlebarContainerView shouldRoundCorners]+0x434fb in /System/Library/Frameworks/AppKit.framework/Versions/C/AppKit at 0x00007fff9232f000
R14=0x00007fff8a773176 is an unknown value
R15=0x00007ff1ae101a10 is an unknown value


Stack: [0x0000000124966000,0x0000000124a66000],  sp=0x0000000124a657d8,  free space=1021k
Native frames: (J=compiled Java code, j=interpreted, Vv=VM code, C=native code)
C  [libobjc.A.dylib+0x10dd]  objc_msgSend+0x1d
C  [libopencv_highgui.2.4.dylib+0x5673]  _ZN2cv12VideoCapture4grabEv+0x13
C  [libopencv_java2410.dylib+0x45c56]  Java_org_opencv_highgui_VideoCapture_grab_10+0x16
j  org.opencv.highgui.VideoCapture.grab_0(J)Z+0
j  org.opencv.highgui.VideoCapture.grab()Z+4
j  opencv.CamCap$DaemonThread.run()V+18
j  java.lang.Thread.run()V+11
v  ~StubRoutines::call_stub
V  [libjvm.dylib+0x2daef8]
V  [libjvm.dylib+0x2db40f]
V  [libjvm.dylib+0x2db54c]
V  [libjvm.dylib+0x32a41e]
V  [libjvm.dylib+0x4f5855]
V  [libjvm.dylib+0x4f6f5d]
V  [libjvm.dylib+0x420772]
C  [libsystem_pthread.dylib+0x32fc]  _pthread_body+0x83
C  [libsystem_pthread.dylib+0x3279]  _pthread_body+0x0
C  [libsystem_pthread.dylib+0x14b1]  thread_start+0xd

Java frames: (J=compiled Java code, j=interpreted, Vv=VM code)
j  org.opencv.highgui.VideoCapture.grab_0(J)Z+0
j  org.opencv.highgui.VideoCapture.grab()Z+4
j  opencv.CamCap$DaemonThread.run()V+18
j  java.lang.Thread.run()V+11
v  ~StubRoutines::call_stub

---------------  P R O C E S S  ---------------

Java Threads: ( => current thread )
=>0x00007ff1ac05a000 JavaThread "Thread-0" daemon [_thread_in_native, id=86023, stack(0x0000000124966000,0x0000000124a66000)]
  0x00007ff1ab926800 JavaThread "Java2D Disposer" daemon [_thread_blocked, id=59147, stack(0x000000011d9d5000,0x000000011dad5000)]
  0x00007ff1ab8cd000 JavaThread "Java2D Queue Flusher" daemon [_thread_blocked, id=56583, stack(0x000000011cc22000,0x000000011cd22000)]
  0x00007ff1ad861800 JavaThread "DestroyJavaVM" [_thread_blocked, id=4867, stack(0x0000000106460000,0x0000000106560000)]
  0x00007ff1ab8cc800 JavaThread "AWT-EventQueue-0" [_thread_blocked, id=55591, stack(0x000000011cb1f000,0x000000011cc1f000)]
  0x00007ff1ad856800 JavaThread "AWT-Shutdown" [_thread_blocked, id=29203, stack(0x0000000118b52000,0x0000000118c52000)]
  0x00007ff1ad854000 JavaThread "AppKit Thread" daemon [_thread_in_native, id=1811, stack(0x00007fff5b2d1000,0x00007fff5b351000)]
  0x00007ff1ac860000 JavaThread "Service Thread" daemon [_thread_blocked, id=19715, stack(0x0000000117490000,0x0000000117590000)]
  0x00007ff1ad803000 JavaThread "C2 CompilerThread1" daemon [_thread_blocked, id=19203, stack(0x000000011738d000,0x000000011748d000)]
  0x00007ff1ac000800 JavaThread "C2 CompilerThread0" daemon [_thread_blocked, id=18691, stack(0x000000011728a000,0x000000011738a000)]
  0x00007ff1ac01e000 JavaThread "Signal Dispatcher" daemon [_thread_blocked, id=15379, stack(0x0000000117187000,0x0000000117287000)]
  0x00007ff1ac004800 JavaThread "Finalizer" daemon [_thread_blocked, id=13571, stack(0x000000011585c000,0x000000011595c000)]
  0x00007ff1ac004000 JavaThread "Reference Handler" daemon [_thread_blocked, id=13059, stack(0x0000000115759000,0x0000000115859000)]

Other Threads:
  0x00007ff1ac853800 VMThread [stack: 0x0000000115656000,0x0000000115756000] [id=12547]
  0x00007ff1ab813800 WatcherThread [stack: 0x0000000117593000,0x0000000117693000] [id=20227]

VM state:not at safepoint (normal execution)

VM Mutex/Monitor currently owned by a thread: None

Heap
 PSYoungGen      total 76800K, used 33621K [0x00000007aaa80000, 0x00000007b0000000, 0x0000000800000000)
  eden space 66048K, 44% used [0x00000007aaa80000,0x00000007ac6ecc50,0x00000007aeb00000)
  from space 10752K, 41% used [0x00000007aeb00000,0x00000007aef68908,0x00000007af580000)
  to   space 10752K, 0% used [0x00000007af580000,0x00000007af580000,0x00000007b0000000)
 ParOldGen       total 174592K, used 16K [0x0000000700000000, 0x000000070aa80000, 0x00000007aaa80000)
  object space 174592K, 0% used [0x0000000700000000,0x0000000700004000,0x000000070aa80000)
 PSPermGen       total 21504K, used 11966K [0x00000006fae00000, 0x00000006fc300000, 0x0000000700000000)
  object space 21504K, 55% used [0x00000006fae00000,0x00000006fb9af9b8,0x00000006fc300000)

Card table byte_map: [0x0000000109652000,0x0000000109e7c000] byte_map_base: 0x0000000105e7b000

Polling page: 0x00000001049d1000

Code Cache  [0x0000000106592000, 0x0000000106802000, 0x0000000109592000)
 total_blobs=590 nmethods=43 adapters=502 free_code_cache=48507Kb largest_free_block=49649472

Compilation events (10 events):
Event: 6.665 Thread 0x00007ff1ad803000 nmethod 38 0x000000010662b990 code [0x000000010662bae0, 0x000000010662bb98]
Event: 6.665 Thread 0x00007ff1ad803000   40             javax.imageio.ImageReader::processImageUpdate (73 bytes)
Event: 6.665 Thread 0x00007ff1ac000800 nmethod 39 0x0000000106631050 code [0x0000000106631180, 0x0000000106631398]
Event: 6.665 Thread 0x00007ff1ac000800   41             javax.imageio.ImageReader::processImageProgress (56 bytes)
Event: 6.665 Thread 0x00007ff1ad803000 nmethod 40 0x000000010662b710 code [0x000000010662b840, 0x000000010662b8d8]
Event: 6.665 Thread 0x00007ff1ac000800 nmethod 41 0x000000010662f910 code [0x000000010662fa40, 0x000000010662fab8]
Event: 6.692 Thread 0x00007ff1ad803000   42             com.sun.imageio.plugins.bmp.BMPImageReader::read24Bit (572 bytes)
Event: 6.713 Thread 0x00007ff1ad803000 nmethod 42 0x0000000106634210 code [0x0000000106634480, 0x0000000106635670]
Event: 6.840 Thread 0x00007ff1ac000800   43             sun.nio.cs.UTF_8$Decoder::decode (640 bytes)
Event: 6.851 Thread 0x00007ff1ac000800 nmethod 43 0x0000000106636710 code [0x0000000106636a00, 0x00000001066377d0]

GC Heap History (6 events):
Event: 6.504 GC heap before
{Heap before GC invocations=1 (full 0):
 PSYoungGen      total 76800K, used 64752K [0x00000007aaa80000, 0x00000007b0000000, 0x0000000800000000)
  eden space 66048K, 98% used [0x00000007aaa80000,0x00000007ae9bc0d0,0x00000007aeb00000)
  from space 10752K, 0% used [0x00000007af580000,0x00000007af580000,0x00000007b0000000)
  to   space 10752K, 0% used [0x00000007aeb00000,0x00000007aeb00000,0x00000007af580000)
 ParOldGen       total 174592K, used 0K [0x0000000700000000, 0x000000070aa80000, 0x00000007aaa80000)
  object space 174592K, 0% used [0x0000000700000000,0x0000000700000000,0x000000070aa80000)
 PSPermGen       total 21504K, used 11963K [0x00000006fae00000, 0x00000006fc300000, 0x0000000700000000)
  object space 21504K, 55% used [0x00000006fae00000,0x00000006fb9aec00,0x00000006fc300000)
Event: 6.509 GC heap after
Heap after GC invocations=1 (full 0):
 PSYoungGen      total 76800K, used 7449K [0x00000007aaa80000, 0x00000007b0000000, 0x0000000800000000)
  eden space 66048K, 0% used [0x00000007aaa80000,0x00000007aaa80000,0x00000007aeb00000)
  from space 10752K, 69% used [0x00000007aeb00000,0x00000007af2467d0,0x00000007af580000)
  to   space 10752K, 0% used [0x00000007af580000,0x00000007af580000,0x00000007b0000000)
 ParOldGen       total 174592K, used 8K [0x0000000700000000, 0x000000070aa80000, 0x00000007aaa80000)
  object space 174592K, 0% used [0x0000000700000000,0x0000000700002000,0x000000070aa80000)
 PSPermGen       total 21504K, used 11963K [0x00000006fae00000, 0x00000006fc300000, 0x0000000700000000)
  object space 21504K, 55% used [0x00000006fae00000,0x00000006fb9aec00,0x00000006fc300000)
}
Event: 7.078 GC heap before
{Heap before GC invocations=2 (full 0):
 PSYoungGen      total 76800K, used 72220K [0x00000007aaa80000, 0x00000007b0000000, 0x0000000800000000)
  eden space 66048K, 98% used [0x00000007aaa80000,0x00000007ae9c0870,0x00000007aeb00000)
  from space 10752K, 69% used [0x00000007aeb00000,0x00000007af2467d0,0x00000007af580000)
  to   space 10752K, 0% used [0x00000007af580000,0x00000007af580000,0x00000007b0000000)
 ParOldGen       total 174592K, used 8K [0x0000000700000000, 0x000000070aa80000, 0x00000007aaa80000)
  object space 174592K, 0% used [0x0000000700000000,0x0000000700002000,0x000000070aa80000)
 PSPermGen       total 21504K, used 11963K [0x00000006fae00000, 0x00000006fc300000, 0x0000000700000000)
  object space 21504K, 55% used [0x00000006fae00000,0x00000006fb9aee88,0x00000006fc300000)
Event: 7.082 GC heap after
Heap after GC invocations=2 (full 0):
 PSYoungGen      total 76800K, used 4770K [0x00000007aaa80000, 0x00000007b0000000, 0x0000000800000000)
  eden space 66048K, 0% used [0x00000007aaa80000,0x00000007aaa80000,0x00000007aeb00000)
  from space 10752K, 44% used [0x00000007af580000,0x00000007afa288b8,0x00000007b0000000)
  to   space 10752K, 0% used [0x00000007aeb00000,0x00000007aeb00000,0x00000007af580000)
 ParOldGen       total 174592K, used 8K [0x0000000700000000, 0x000000070aa80000, 0x00000007aaa80000)
  object space 174592K, 0% used [0x0000000700000000,0x0000000700002000,0x000000070aa80000)
 PSPermGen       total 21504K, used 11963K [0x00000006fae00000, 0x00000006fc300000, 0x0000000700000000)
  object space 21504K, 55% used [0x00000006fae00000,0x00000006fb9aee88,0x00000006fc300000)
}
Event: 7.773 GC heap before
{Heap before GC invocations=3 (full 0):
 PSYoungGen      total 76800K, used 70457K [0x00000007aaa80000, 0x00000007b0000000, 0x0000000800000000)
  eden space 66048K, 99% used [0x00000007aaa80000,0x00000007aeaa5c28,0x00000007aeb00000)
  from space 10752K, 44% used [0x00000007af580000,0x00000007afa288b8,0x00000007b0000000)
  to   space 10752K, 0% used [0x00000007aeb00000,0x00000007aeb00000,0x00000007af580000)
 ParOldGen       total 174592K, used 8K [0x0000000700000000, 0x000000070aa80000, 0x00000007aaa80000)
  object space 174592K, 0% used [0x0000000700000000,0x0000000700002000,0x000000070aa80000)
 PSPermGen       total 21504K, used 11963K [0x00000006fae00000, 0x00000006fc300000, 0x0000000700000000)
  object space 21504K, 55% used [0x00000006fae00000,0x00000006fb9aefa0,0x00000006fc300000)
Event: 7.776 GC heap after
Heap after GC invocations=3 (full 0):
 PSYoungGen      total 76800K, used 4514K [0x00000007aaa80000, 0x00000007b0000000, 0x0000000800000000)
  eden space 66048K, 0% used [0x00000007aaa80000,0x00000007aaa80000,0x00000007aeb00000)
  from space 10752K, 41% used [0x00000007aeb00000,0x00000007aef68908,0x00000007af580000)
  to   space 10752K, 0% used [0x00000007af580000,0x00000007af580000,0x00000007b0000000)
 ParOldGen       total 174592K, used 16K [0x0000000700000000, 0x000000070aa80000, 0x00000007aaa80000)
  object space 174592K, 0% used [0x0000000700000000,0x0000000700004000,0x000000070aa80000)
 PSPermGen       total 21504K, used 11963K [0x00000006fae00000, 0x00000006fc300000, 0x0000000700000000)
  object space 21504K, 55% used [0x00000006fae00000,0x00000006fb9aefa0,0x00000006fc300000)
}

Deoptimization events (1 events):
Event: 5.350 Thread 0x00007ff1ab8cc800 Uncommon trap: reason=class_check action=maybe_recompile pc=0x000000010661a250 method=java.lang.String.equals(Ljava/lang/Object;)Z @ 8

Internal exceptions (10 events):
Event: 0.758 Thread 0x00007ff1ab8cc800 Threw 0x00000007ab052490 at /HUDSON/workspace/7u-2-build-macosx-x86_64/jdk7u67/1368/hotspot/src/share/vm/prims/jvm.cpp:1244
Event: 0.796 Thread 0x00007ff1ab8cc800 Threw 0x00000007ab0a2510 at /HUDSON/workspace/7u-2-build-macosx-x86_64/jdk7u67/1368/hotspot/src/share/vm/prims/jvm.cpp:1244
Event: 0.797 Thread 0x00007ff1ab8cc800 Threw 0x00000007ab0a6a98 at /HUDSON/workspace/7u-2-build-macosx-x86_64/jdk7u67/1368/hotspot/src/share/vm/prims/jvm.cpp:1244
Event: 0.797 Thread 0x00007ff1ab8cc800 Threw 0x00000007ab0aabb0 at /HUDSON/workspace/7u-2-build-macosx-x86_64/jdk7u67/1368/hotspot/src/share/vm/prims/jvm.cpp:1244
Event: 0.799 Thread 0x00007ff1ab8cc800 Threw 0x00000007ab0b01a0 at /HUDSON/workspace/7u-2-build-macosx-x86_64/jdk7u67/1368/hotspot/src/share/vm/prims/jvm.cpp:1244
Event: 0.799 Thread 0x00007ff1ab8cc800 Threw 0x00000007ab0b4320 at /HUDSON/workspace/7u-2-build-macosx-x86_64/jdk7u67/1368/hotspot/src/share/vm/prims/jvm.cpp:1244
Event: 5.356 Thread 0x00007ff1ab8cc800 Threw 0x00000007ab54c020 at /HUDSON/workspace/7u-2-build-macosx-x86_64/jdk7u67/1368/hotspot/src/share/vm/prims/jvm.cpp:1244
Event: 6.081 Thread 0x00007ff1ab8cc800 Threw 0x00000007ab550a88 at /HUDSON/workspace/7u-2-build-macosx-x86_64/jdk7u67/1368/hotspot/src/share/vm/prims/jvm.cpp:1244
Event: 6.098 Thread 0x00007ff1ac05a000 Threw 0x00000007ab659028 at /HUDSON/workspace/7u-2-build-macosx-x86_64/jdk7u67/1368/hotspot/src/share/vm/prims/jvm.cpp:1244
Event: 6.108 Thread 0x00007ff1ac05a000 Threw 0x00000007ab661f08 at /HUDSON/workspace/7u-2-build-macosx-x86_64/jdk7u67/1368/hotspot/src/share/vm/prims/jvm.cpp:1244

Events (10 events):
Event: 7.777 Executing VM operation: RevokeBias done
Event: 8.070 Executing VM operation: RevokeBias
Event: 8.070 Executing VM operation: RevokeBias done
Event: 8.070 Executing VM operation: RevokeBias
Event: 8.070 Executing VM operation: RevokeBias done
Event: 8.070 Thread 0x00007ff1ada89800 Thread added: 0x00007ff1ada89800
Event: 8.070 Executing VM operation: RevokeBias
Event: 8.070 Executing VM operation: RevokeBias done
Event: 8.070 loading class 0x000000011378e200
Event: 8.071 loading class 0x000000011378e200 done


Dynamic libraries:
0x00000000048d7000 	/System/Library/Frameworks/Cocoa.framework/Versions/A/Cocoa
0x00000000048d7000 	/System/Library/Frameworks/Security.framework/Versions/A/Security
0x00000000048d7000 	/System/Library/Frameworks/ApplicationServices.framework/Versions/A/ApplicationServices
0x00000000048d7000 	/usr/lib/libz.1.dylib
0x00000000048d7000 	/usr/lib/libSystem.B.dylib
0x00000000048d7000 	/usr/lib/libobjc.A.dylib
0x00000000048d7000 	/System/Library/Frameworks/CoreFoundation.framework/Versions/A/CoreFoundation
0x00000000048d7000 	/System/Library/Frameworks/Foundation.framework/Versions/C/Foundation
0x00000000048d7000 	/System/Library/Frameworks/AppKit.framework/Versions/C/AppKit
0x00000000048d7000 	/System/Library/Frameworks/CoreData.framework/Versions/A/CoreData
0x00000000048d7000 	/System/Library/PrivateFrameworks/RemoteViewServices.framework/Versions/A/RemoteViewServices
0x00000000048d7000 	/System/Library/PrivateFrameworks/UIFoundation.framework/Versions/A/UIFoundation
0x00000000048d7000 	/System/Library/Frameworks/IOSurface.framework/Versions/A/IOSurface
0x00000000048d7000 	/System/Library/Frameworks/AudioToolbox.framework/Versions/A/AudioToolbox
0x00000000048d7000 	/System/Library/Frameworks/AudioUnit.framework/Versions/A/AudioUnit
0x00000000048d7000 	/System/Library/PrivateFrameworks/DataDetectorsCore.framework/Versions/A/DataDetectorsCore
0x00000000048d7000 	/System/Library/PrivateFrameworks/DesktopServicesPriv.framework/Versions/A/DesktopServicesPriv
0x00000000048d7000 	/System/Library/Frameworks/Carbon.framework/Versions/A/Frameworks/HIToolbox.framework/Versions/A/HIToolbox
0x00000000048d7000 	/System/Library/Frameworks/QuartzCore.framework/Versions/A/QuartzCore
0x00000000048d7000 	/System/Library/Frameworks/Carbon.framework/Versions/A/Frameworks/SpeechRecognition.framework/Versions/A/SpeechRecognition
0x00000000048d7000 	/usr/lib/libauto.dylib
0x00000000048d7000 	/usr/lib/libicucore.A.dylib
0x00000000048d7000 	/usr/lib/libxml2.2.dylib
0x00000000048d7000 	/System/Library/PrivateFrameworks/CoreUI.framework/Versions/A/CoreUI
0x00000000048d7000 	/System/Library/Frameworks/CoreAudio.framework/Versions/A/CoreAudio
0x00000000048d7000 	/System/Library/Frameworks/DiskArbitration.framework/Versions/A/DiskArbitration
0x00000000048d7000 	/usr/lib/liblangid.dylib
0x00000000048d7000 	/System/Library/PrivateFrameworks/MultitouchSupport.framework/Versions/A/MultitouchSupport
0x00000000048d7000 	/System/Library/Frameworks/IOKit.framework/Versions/A/IOKit
0x00000000048d7000 	/usr/lib/libDiagnosticMessagesClient.dylib
0x00000000048d7000 	/System/Library/Frameworks/CoreServices.framework/Versions/A/CoreServices
0x00000000048d7000 	/System/Library/PrivateFrameworks/PerformanceAnalysis.framework/Versions/A/PerformanceAnalysis
0x00000000048d7000 	/System/Library/PrivateFrameworks/GenerationalStorage.framework/Versions/A/GenerationalStorage
0x00000000048d7000 	/System/Library/Frameworks/OpenGL.framework/Versions/A/OpenGL
0x00000000048d7000 	/System/Library/PrivateFrameworks/Sharing.framework/Versions/A/Sharing
0x00000000048d7000 	/System/Library/Frameworks/CoreGraphics.framework/Versions/A/CoreGraphics
0x00000000048d7000 	/System/Library/Frameworks/CoreText.framework/Versions/A/CoreText
0x00000000048d7000 	/System/Library/Frameworks/ImageIO.framework/Versions/A/ImageIO
0x00000000048d7000 	/usr/lib/libextension.dylib
0x00000000048d7000 	/System/Library/PrivateFrameworks/Backup.framework/Versions/A/Backup
0x00000000048d7000 	/usr/lib/libarchive.2.dylib
0x00000000048d7000 	/System/Library/Frameworks/CFNetwork.framework/Versions/A/CFNetwork
0x00000000048d7000 	/System/Library/Frameworks/SystemConfiguration.framework/Versions/A/SystemConfiguration
0x00000000048d7000 	/usr/lib/libCRFSuite.dylib
0x00000000048d7000 	/usr/lib/libc++.1.dylib
0x00000000048d7000 	/usr/lib/libc++abi.dylib
0x00000000048d7000 	/usr/lib/system/libcache.dylib
0x00000000048d7000 	/usr/lib/system/libcommonCrypto.dylib
0x00000000048d7000 	/usr/lib/system/libcompiler_rt.dylib
0x00000000048d7000 	/usr/lib/system/libcopyfile.dylib
0x00000000048d7000 	/usr/lib/system/libcorecrypto.dylib
0x00000000048d7000 	/usr/lib/system/libdispatch.dylib
0x00000000048d7000 	/usr/lib/system/libdyld.dylib
0x00000000048d7000 	/usr/lib/system/libkeymgr.dylib
0x00000000048d7000 	/usr/lib/system/liblaunch.dylib
0x00000000048d7000 	/usr/lib/system/libmacho.dylib
0x00000000048d7000 	/usr/lib/system/libquarantine.dylib
0x00000000048d7000 	/usr/lib/system/libremovefile.dylib
0x00000000048d7000 	/usr/lib/system/libsystem_asl.dylib
0x00000000048d7000 	/usr/lib/system/libsystem_blocks.dylib
0x00000000048d7000 	/usr/lib/system/libsystem_c.dylib
0x00000000048d7000 	/usr/lib/system/libsystem_configuration.dylib
0x00000000048d7000 	/usr/lib/system/libsystem_coreservices.dylib
0x00000000048d7000 	/usr/lib/system/libsystem_coretls.dylib
0x00000000048d7000 	/usr/lib/system/libsystem_dnssd.dylib
0x00000000048d7000 	/usr/lib/system/libsystem_info.dylib
0x00000000048d7000 	/usr/lib/system/libsystem_kernel.dylib
0x00000000048d7000 	/usr/lib/system/libsystem_m.dylib
0x00000000048d7000 	/usr/lib/system/libsystem_malloc.dylib
0x00000000048d7000 	/usr/lib/system/libsystem_network.dylib
0x00000000048d7000 	/usr/lib/system/libsystem_networkextension.dylib
0x00000000048d7000 	/usr/lib/system/libsystem_notify.dylib
0x00000000048d7000 	/usr/lib/system/libsystem_platform.dylib
0x00000000048d7000 	/usr/lib/system/libsystem_pthread.dylib
0x00000000048d7000 	/usr/lib/system/libsystem_sandbox.dylib
0x00000000048d7000 	/usr/lib/system/libsystem_secinit.dylib
0x00000000048d7000 	/usr/lib/system/libsystem_stats.dylib
0x00000000048d7000 	/usr/lib/system/libsystem_trace.dylib
0x00000000048d7000 	/usr/lib/system/libunc.dylib
0x00000000048d7000 	/usr/lib/system/libunwind.dylib
0x00000000048d7000 	/usr/lib/system/libxpc.dylib
0x00000000048d7000 	/usr/lib/libbz2.1.0.dylib
0x00000000048d7000 	/usr/lib/liblzma.5.dylib
0x00000000048d7000 	/usr/lib/libbsm.0.dylib
0x00000000048d7000 	/usr/lib/libsqlite3.dylib
0x00000000048d7000 	/usr/lib/system/libkxld.dylib
0x00000000048d7000 	/usr/lib/libxar.1.dylib
0x00000000048d7000 	/usr/lib/libpam.2.dylib
0x00000000048d7000 	/usr/lib/libOpenScriptingUtil.dylib
0x00000000048d7000 	/System/Library/Frameworks/CoreServices.framework/Versions/A/Frameworks/FSEvents.framework/Versions/A/FSEvents
0x00000000048d7000 	/System/Library/Frameworks/CoreServices.framework/Versions/A/Frameworks/CarbonCore.framework/Versions/A/CarbonCore
0x00000000048d7000 	/System/Library/Frameworks/CoreServices.framework/Versions/A/Frameworks/Metadata.framework/Versions/A/Metadata
0x00000000048d7000 	/System/Library/Frameworks/CoreServices.framework/Versions/A/Frameworks/OSServices.framework/Versions/A/OSServices
0x00000000048d7000 	/System/Library/Frameworks/CoreServices.framework/Versions/A/Frameworks/SearchKit.framework/Versions/A/SearchKit
0x00000000048d7000 	/System/Library/Frameworks/CoreServices.framework/Versions/A/Frameworks/AE.framework/Versions/A/AE
0x00000000048d7000 	/System/Library/Frameworks/CoreServices.framework/Versions/A/Frameworks/LaunchServices.framework/Versions/A/LaunchServices
0x00000000048d7000 	/System/Library/Frameworks/CoreServices.framework/Versions/A/Frameworks/DictionaryServices.framework/Versions/A/DictionaryServices
0x00000000048d7000 	/System/Library/Frameworks/NetFS.framework/Versions/A/NetFS
0x00000000048d7000 	/System/Library/PrivateFrameworks/NetAuth.framework/Versions/A/NetAuth
0x00000000048d7000 	/System/Library/PrivateFrameworks/login.framework/Versions/A/Frameworks/loginsupport.framework/Versions/A/loginsupport
0x00000000048d7000 	/System/Library/PrivateFrameworks/TCC.framework/Versions/A/TCC
0x00000000048d7000 	/usr/lib/libmecabra.dylib
0x00000000048d7000 	/System/Library/PrivateFrameworks/LanguageModeling.framework/Versions/A/LanguageModeling
0x00000000048d7000 	/usr/lib/libcmph.dylib
0x00000000048d7000 	/usr/lib/libiconv.2.dylib
0x00000000048d7000 	/System/Library/Frameworks/OpenDirectory.framework/Versions/A/Frameworks/CFOpenDirectory.framework/Versions/A/CFOpenDirectory
0x00000000048d7000 	/System/Library/Frameworks/ServiceManagement.framework/Versions/A/ServiceManagement
0x00000000048d7000 	/usr/lib/libxslt.1.dylib
0x00000000048d7000 	/System/Library/Frameworks/Carbon.framework/Versions/A/Frameworks/Ink.framework/Versions/A/Ink
0x00000000048d7000 	/System/Library/Frameworks/ApplicationServices.framework/Versions/A/Frameworks/ATS.framework/Versions/A/ATS
0x00000000048d7000 	/System/Library/Frameworks/ApplicationServices.framework/Versions/A/Frameworks/ColorSync.framework/Versions/A/ColorSync
0x00000000048d7000 	/System/Library/Frameworks/ApplicationServices.framework/Versions/A/Frameworks/HIServices.framework/Versions/A/HIServices
0x00000000048d7000 	/System/Library/Frameworks/ApplicationServices.framework/Versions/A/Frameworks/LangAnalysis.framework/Versions/A/LangAnalysis
0x00000000048d7000 	/System/Library/Frameworks/ApplicationServices.framework/Versions/A/Frameworks/PrintCore.framework/Versions/A/PrintCore
0x00000000048d7000 	/System/Library/Frameworks/ApplicationServices.framework/Versions/A/Frameworks/QD.framework/Versions/A/QD
0x00000000048d7000 	/System/Library/Frameworks/ApplicationServices.framework/Versions/A/Frameworks/SpeechSynthesis.framework/Versions/A/SpeechSynthesis
0x00000000048d7000 	/System/Library/Frameworks/Accelerate.framework/Versions/A/Accelerate
0x00000000048d7000 	/System/Library/Frameworks/Accelerate.framework/Versions/A/Frameworks/vImage.framework/Versions/A/vImage
0x00000000048d7000 	/System/Library/Frameworks/Accelerate.framework/Versions/A/Frameworks/vecLib.framework/Versions/A/vecLib
0x00000000048d7000 	/System/Library/Frameworks/Accelerate.framework/Versions/A/Frameworks/vecLib.framework/Versions/A/libvDSP.dylib
0x00000000048d7000 	/System/Library/Frameworks/Accelerate.framework/Versions/A/Frameworks/vecLib.framework/Versions/A/libvMisc.dylib
0x00000000048d7000 	/System/Library/Frameworks/Accelerate.framework/Versions/A/Frameworks/vecLib.framework/Versions/A/libLAPACK.dylib
0x00000000048d7000 	/System/Library/Frameworks/Accelerate.framework/Versions/A/Frameworks/vecLib.framework/Versions/A/libBLAS.dylib
0x00000000048d7000 	/System/Library/Frameworks/Accelerate.framework/Versions/A/Frameworks/vecLib.framework/Versions/A/libLinearAlgebra.dylib
0x00000000048d7000 	/System/Library/Frameworks/ApplicationServices.framework/Versions/A/Frameworks/ATS.framework/Versions/A/Resources/libFontParser.dylib
0x00000000048d7000 	/System/Library/Frameworks/ApplicationServices.framework/Versions/A/Frameworks/ATS.framework/Versions/A/Resources/libFontRegistry.dylib
0x00000000048d7000 	/System/Library/PrivateFrameworks/AppleVPA.framework/Versions/A/AppleVPA
0x00000000048d7000 	/System/Library/PrivateFrameworks/AppleJPEG.framework/Versions/A/AppleJPEG
0x00000000048d7000 	/System/Library/Frameworks/ImageIO.framework/Versions/A/Resources/libJPEG.dylib
0x00000000048d7000 	/System/Library/Frameworks/ImageIO.framework/Versions/A/Resources/libTIFF.dylib
0x00000000048d7000 	/System/Library/Frameworks/ImageIO.framework/Versions/A/Resources/libPng.dylib
0x00000000048d7000 	/System/Library/Frameworks/ImageIO.framework/Versions/A/Resources/libGIF.dylib
0x00000000048d7000 	/System/Library/Frameworks/ImageIO.framework/Versions/A/Resources/libJP2.dylib
0x00000000048d7000 	/System/Library/Frameworks/ImageIO.framework/Versions/A/Resources/libRadiance.dylib
0x00000000048d7000 	/System/Library/Frameworks/CoreVideo.framework/Versions/A/CoreVideo
0x00000000048d7000 	/System/Library/Frameworks/OpenGL.framework/Versions/A/Libraries/libGLU.dylib
0x00000000048d7000 	/System/Library/Frameworks/OpenGL.framework/Versions/A/Libraries/libGFXShared.dylib
0x00000000048d7000 	/System/Library/Frameworks/OpenGL.framework/Versions/A/Libraries/libGL.dylib
0x00000000048d7000 	/System/Library/Frameworks/OpenGL.framework/Versions/A/Libraries/libGLImage.dylib
0x00000000048d7000 	/System/Library/Frameworks/OpenGL.framework/Versions/A/Libraries/libCVMSPluginSupport.dylib
0x00000000048d7000 	/System/Library/Frameworks/OpenGL.framework/Versions/A/Libraries/libCoreVMClient.dylib
0x00000000048d7000 	/usr/lib/libcups.2.dylib
0x00000000048d7000 	/System/Library/Frameworks/Kerberos.framework/Versions/A/Kerberos
0x00000000048d7000 	/System/Library/Frameworks/GSS.framework/Versions/A/GSS
0x00000000048d7000 	/usr/lib/libresolv.9.dylib
0x00000000048d7000 	/System/Library/PrivateFrameworks/Heimdal.framework/Versions/A/Heimdal
0x00000000048d7000 	/usr/lib/libheimdal-asn1.dylib
0x00000000048d7000 	/System/Library/Frameworks/OpenDirectory.framework/Versions/A/OpenDirectory
0x00000000048d7000 	/System/Library/PrivateFrameworks/CommonAuth.framework/Versions/A/CommonAuth
0x00000000048d7000 	/System/Library/Frameworks/SecurityFoundation.framework/Versions/A/SecurityFoundation
0x00000000048d7000 	/System/Library/Frameworks/QuartzCore.framework/Versions/A/Frameworks/CoreImage.framework/Versions/A/CoreImage
0x00000000048d7000 	/System/Library/PrivateFrameworks/CrashReporterSupport.framework/Versions/A/CrashReporterSupport
0x00000000048d7000 	/System/Library/Frameworks/OpenCL.framework/Versions/A/OpenCL
0x00000000048d7000 	/System/Library/PrivateFrameworks/FaceCore.framework/Versions/A/FaceCore
0x00000000048d7000 	/System/Library/PrivateFrameworks/Ubiquity.framework/Versions/A/Ubiquity
0x00000000048d7000 	/System/Library/PrivateFrameworks/IconServices.framework/Versions/A/IconServices
0x00000000048d7000 	/System/Library/PrivateFrameworks/ChunkingLibrary.framework/Versions/A/ChunkingLibrary
0x00000000048d7000 	/System/Library/PrivateFrameworks/Apple80211.framework/Versions/A/Apple80211
0x00000000048d7000 	/System/Library/Frameworks/CoreWLAN.framework/Versions/A/CoreWLAN
0x00000000048d7000 	/System/Library/Frameworks/IOBluetooth.framework/Versions/A/IOBluetooth
0x00000000048d7000 	/System/Library/PrivateFrameworks/CoreWiFi.framework/Versions/A/CoreWiFi
0x00000000048d7000 	/System/Library/Frameworks/CoreBluetooth.framework/Versions/A/CoreBluetooth
0x00000000048d7000 	/System/Library/PrivateFrameworks/DebugSymbols.framework/Versions/A/DebugSymbols
0x00000000048d7000 	/System/Library/PrivateFrameworks/CoreSymbolication.framework/Versions/A/CoreSymbolication
0x00000000048d7000 	/System/Library/PrivateFrameworks/Symbolication.framework/Versions/A/Symbolication
0x00000000048d7000 	/System/Library/PrivateFrameworks/SpeechRecognitionCore.framework/Versions/A/SpeechRecognitionCore
0x0000000105a00000 	/Library/Java/JavaVirtualMachines/jdk1.7.0_67.jdk/Contents/Home/jre/lib/server/libjvm.dylib
0x00000000048d7000 	/usr/lib/libstdc++.6.dylib
0x00000001049c4000 	/Library/Java/JavaVirtualMachines/jdk1.7.0_67.jdk/Contents/Home/jre/lib/libverify.dylib
0x0000000106562000 	/Library/Java/JavaVirtualMachines/jdk1.7.0_67.jdk/Contents/Home/jre/lib/libjava.dylib
0x00000001049db000 	/Library/Java/JavaVirtualMachines/jdk1.7.0_67.jdk/Contents/Home/jre/lib/libzip.dylib
0x00000001049e5000 	/System/Library/Frameworks/JavaVM.framework/Frameworks/JavaRuntimeSupport.framework/JavaRuntimeSupport
0x000000011595e000 	/System/Library/Frameworks/JavaVM.framework/Versions/A/Frameworks/JavaNativeFoundation.framework/Versions/A/JavaNativeFoundation
0x0000000115972000 	/System/Library/Frameworks/JavaVM.framework/Versions/A/JavaVM
0x00000000048d7000 	/System/Library/Frameworks/Carbon.framework/Versions/A/Carbon
0x000000011597e000 	/System/Library/PrivateFrameworks/JavaLaunching.framework/Versions/A/JavaLaunching
0x00000000048d7000 	/System/Library/Frameworks/Carbon.framework/Versions/A/Frameworks/CommonPanels.framework/Versions/A/CommonPanels
0x00000000048d7000 	/System/Library/Frameworks/Carbon.framework/Versions/A/Frameworks/Help.framework/Versions/A/Help
0x00000000048d7000 	/System/Library/Frameworks/Carbon.framework/Versions/A/Frameworks/ImageCapture.framework/Versions/A/ImageCapture
0x00000000048d7000 	/System/Library/Frameworks/Carbon.framework/Versions/A/Frameworks/OpenScripting.framework/Versions/A/OpenScripting
0x00000000048d7000 	/System/Library/Frameworks/Carbon.framework/Versions/A/Frameworks/Print.framework/Versions/A/Print
0x00000000048d7000 	/System/Library/Frameworks/Carbon.framework/Versions/A/Frameworks/SecurityHI.framework/Versions/A/SecurityHI
0x00000001176f0000 	/Library/Java/JavaVirtualMachines/jdk1.7.0_67.jdk/Contents/Home/jre/lib/libawt.dylib
0x000000011779f000 	/Library/Java/JavaVirtualMachines/jdk1.7.0_67.jdk/Contents/Home/jre/lib/./libmlib_image.dylib
0x000000011786b000 	/Library/Java/JavaVirtualMachines/jdk1.7.0_67.jdk/Contents/Home/jre/lib/lwawt/liblwawt.dylib
0x000000011791f000 	/Library/Java/JavaVirtualMachines/jdk1.7.0_67.jdk/Contents/Home/jre/lib/libosxapp.dylib
0x00000000048d7000 	/System/Library/Frameworks/ExceptionHandling.framework/Versions/A/ExceptionHandling
0x00000000048d7000 	/System/Library/PrivateFrameworks/CoreServicesInternal.framework/Versions/A/CoreServicesInternal
0x00000000048d7000 	/System/Library/PrivateFrameworks/CloudDocs.framework/Versions/A/CloudDocs
0x00000000048d7000 	/System/Library/PrivateFrameworks/CoreDuet.framework/Versions/A/CoreDuet
0x00000000048d7000 	/System/Library/Frameworks/CloudKit.framework/Versions/A/CloudKit
0x00000000048d7000 	/System/Library/PrivateFrameworks/ProtocolBuffer.framework/Versions/A/ProtocolBuffer
0x00000000048d7000 	/System/Library/PrivateFrameworks/CoreDuetDaemonProtocol.framework/Versions/A/CoreDuetDaemonProtocol
0x00000000048d7000 	/System/Library/PrivateFrameworks/CoreDuetDebugLogging.framework/Versions/A/CoreDuetDebugLogging
0x00000000048d7000 	/System/Library/Frameworks/CoreLocation.framework/Versions/A/CoreLocation
0x00000000048d7000 	/System/Library/Frameworks/Accounts.framework/Versions/A/Accounts
0x00000000048d7000 	/System/Library/PrivateFrameworks/ApplePushService.framework/Versions/A/ApplePushService
0x00000000048d7000 	/System/Library/PrivateFrameworks/GeoServices.framework/Versions/A/GeoServices
0x00000000048d7000 	/System/Library/PrivateFrameworks/OAuth.framework/Versions/A/OAuth
0x00000000048d7000 	/System/Library/PrivateFrameworks/CoreDaemon.framework/Versions/B/CoreDaemon
0x00000000048d7000 	/usr/lib/libcrypto.0.9.8.dylib
0x00000000048d7000 	/System/Library/PrivateFrameworks/AppleSRP.framework/Versions/A/AppleSRP
0x00000000048d7000 	/System/Library/PrivateFrameworks/TrustEvaluationAgent.framework/Versions/A/TrustEvaluationAgent
0x00000000048d7000 	/System/Library/Frameworks/CoreGraphics.framework/Versions/A/Resources/libCGCMS.A.dylib
0x00000000048d7000 	/System/Library/Frameworks/CoreGraphics.framework/Versions/A/Resources/libRIP.A.dylib
0x00000000048d7000 	/System/Library/Frameworks/CoreGraphics.framework/Versions/A/Resources/libCGXType.A.dylib
0x00000000048d7000 	/System/Library/Frameworks/OpenCL.framework/Versions/A/Libraries/libcldcpuengine.dylib
0x00000000048d7000 	/System/Library/PrivateFrameworks/DiskImages.framework/Versions/A/DiskImages
0x00000000048d7000 	/System/Library/Frameworks/DiscRecording.framework/Versions/A/DiscRecording
0x00000000048d7000 	/usr/lib/libcsfde.dylib
0x00000000048d7000 	/usr/lib/libcurl.4.dylib
0x00000000048d7000 	/System/Library/PrivateFrameworks/MediaKit.framework/Versions/A/MediaKit
0x00000000048d7000 	/System/Library/PrivateFrameworks/ProtectedCloudStorage.framework/Versions/A/ProtectedCloudStorage
0x00000000048d7000 	/usr/lib/libCoreStorage.dylib
0x00000000048d7000 	/System/Library/PrivateFrameworks/EFILogin.framework/Versions/A/EFILogin
0x00000000048d7000 	/usr/lib/libutil.dylib
0x00000000048d7000 	/System/Library/PrivateFrameworks/FindMyDevice.framework/Versions/A/FindMyDevice
0x00000000048d7000 	/System/Library/Frameworks/LDAP.framework/Versions/A/LDAP
0x00000000048d7000 	/usr/lib/libsasl2.2.dylib
0x000000011a69a000 	cl_kernels
0x000000011a69c000 	/System/Library/Frameworks/OpenCL.framework/Versions/A/Libraries/ImageFormats/unorm8_bgra.dylib
0x000000011a68c000 	cl_kernels
0x00000000048d7000 	/System/Library/PrivateFrameworks/FamilyControls.framework/Versions/A/FamilyControls
0x00000000048d7000 	/System/Library/PrivateFrameworks/CommerceKit.framework/Versions/A/Frameworks/CommerceCore.framework/Versions/A/CommerceCore
0x00000000048d7000 	/System/Library/PrivateFrameworks/SystemAdministration.framework/Versions/A/SystemAdministration
0x00000000048d7000 	/System/Library/PrivateFrameworks/AppContainer.framework/Versions/A/AppContainer
0x00000000048d7000 	/System/Library/PrivateFrameworks/SecCodeWrapper.framework/Versions/A/SecCodeWrapper
0x00000000048d7000 	/System/Library/Frameworks/DirectoryService.framework/Versions/A/DirectoryService
0x00000000048d7000 	/System/Library/PrivateFrameworks/LoginUIKit.framework/Versions/A/Frameworks/LoginUICore.framework/Versions/A/LoginUICore
0x00000000048d7000 	/usr/lib/libodfde.dylib
0x000000011bb47000 	/Library/Java/JavaVirtualMachines/jdk1.7.0_67.jdk/Contents/Home/jre/lib/libopencv_java2410.dylib
0x000000011bbfd000 	/Users/Zhangwei/opencv-2.4.10/build/lib/libopencv_core.2.4.dylib
0x000000011be4e000 	/Users/Zhangwei/opencv-2.4.10/build/lib/libopencv_flann.2.4.dylib
0x000000011bec6000 	/Users/Zhangwei/opencv-2.4.10/build/lib/libopencv_imgproc.2.4.dylib
0x000000011c169000 	/Users/Zhangwei/opencv-2.4.10/build/lib/libopencv_highgui.2.4.dylib
0x000000011c39f000 	/Users/Zhangwei/opencv-2.4.10/build/lib/libopencv_features2d.2.4.dylib
0x000000011c44a000 	/Users/Zhangwei/opencv-2.4.10/build/lib/libopencv_calib3d.2.4.dylib
0x000000011c53e000 	/Users/Zhangwei/opencv-2.4.10/build/lib/libopencv_ml.2.4.dylib
0x000000011c5bd000 	/Users/Zhangwei/opencv-2.4.10/build/lib/libopencv_video.2.4.dylib
0x000000011c60e000 	/Users/Zhangwei/opencv-2.4.10/build/lib/libopencv_legacy.2.4.dylib
0x000000011c711000 	/Users/Zhangwei/opencv-2.4.10/build/lib/libopencv_objdetect.2.4.dylib
0x0000000119afe000 	/Users/Zhangwei/opencv-2.4.10/build/lib/libopencv_photo.2.4.dylib
0x000000011c78c000 	/Users/Zhangwei/opencv-2.4.10/build/lib/libopencv_gpu.2.4.dylib
0x000000011c7b0000 	/Users/Zhangwei/opencv-2.4.10/build/lib/libopencv_ocl.2.4.dylib
0x000000011c982000 	/Users/Zhangwei/opencv-2.4.10/build/lib/libopencv_nonfree.2.4.dylib
0x000000011c9be000 	/Users/Zhangwei/opencv-2.4.10/build/lib/libopencv_contrib.2.4.dylib
0x00000000048d7000 	/System/Library/Frameworks/QTKit.framework/Versions/A/QTKit
0x00000000048d7000 	/System/Library/Frameworks/AVFoundation.framework/Versions/A/AVFoundation
0x00000000048d7000 	/System/Library/Frameworks/CoreMedia.framework/Versions/A/CoreMedia
0x00000000048d7000 	/System/Library/Frameworks/MediaToolbox.framework/Versions/A/MediaToolbox
0x00000000048d7000 	/System/Library/Frameworks/VideoToolbox.framework/Versions/A/VideoToolbox
0x00000000048d7000 	/System/Library/PrivateFrameworks/CoreMediaAuthoring.framework/Versions/A/CoreMediaAuthoring
0x00000000048d7000 	/System/Library/Frameworks/CoreMediaIO.framework/Versions/A/CoreMediaIO
0x00000000048d7000 	/System/Library/Frameworks/AVFoundation.framework/Versions/A/Resources/libAVFAudio.dylib
0x00000000048d7000 	/System/Library/PrivateFrameworks/MediaControlSender.framework/Versions/A/MediaControlSender
0x00000000048d7000 	/System/Library/PrivateFrameworks/CoreAVCHD.framework/Versions/A/CoreAVCHD
0x00000000048d7000 	/System/Library/Frameworks/MediaAccessibility.framework/Versions/A/MediaAccessibility
0x00000000048d7000 	/System/Library/PrivateFrameworks/Mangrove.framework/Versions/A/Mangrove
0x00000000048d7000 	/System/Library/PrivateFrameworks/CoreAUC.framework/Versions/A/CoreAUC
0x00000000048d7000 	/System/Library/PrivateFrameworks/NetworkStatistics.framework/Versions/A/NetworkStatistics
0x00000000048d7000 	/System/Library/PrivateFrameworks/AirPlaySupport.framework/Versions/A/AirPlaySupport
0x00000000048d7000 	/System/Library/PrivateFrameworks/CoreUtils.framework/Versions/A/CoreUtils
0x00000000048d7000 	/System/Library/PrivateFrameworks/AppleVA.framework/Versions/A/AppleVA
0x00000000048d7000 	/System/Library/PrivateFrameworks/XPCService.framework/Versions/A/XPCService
0x00000000048d7000 	/System/Library/PrivateFrameworks/AppSandbox.framework/Versions/A/AppSandbox
0x00000000048d7000 	/usr/lib/libsandbox.1.dylib
0x00000000048d7000 	/usr/lib/libMatch.1.dylib
0x000000011cab7000 	/Library/Java/JavaVirtualMachines/jdk1.7.0_67.jdk/Contents/Home/jre/lib/libfontmanager.dylib
0x00000000048d7000 	/System/Library/Frameworks/OpenGL.framework/Versions/A/Resources/GLEngine.bundle/GLEngine
0x00000000048d7000 	/System/Library/Frameworks/OpenGL.framework/Versions/A/Libraries/libGLProgrammability.dylib
0x0000000000000000 	/System/Library/Extensions/AppleIntelHD5000GraphicsGLDriver.bundle/Contents/MacOS/AppleIntelHD5000GraphicsGLDriver
0x00000000048d7000 	/System/Library/PrivateFrameworks/IOAccelerator.framework/Versions/A/IOAccelerator
0x00000000048d7000 	/System/Library/PrivateFrameworks/GPUSupport.framework/Versions/A/Libraries/libGPUSupportMercury.dylib
0x0000000000000000 	/System/Library/Extensions/GeForceGLDriver.bundle/Contents/MacOS/GeForceGLDriver
0x00000000048d7000 	/System/Library/Extensions/GeForceGLDriver.bundle/Contents/MacOS/libclh.dylib
0x00000000048d7000 	/System/Library/Frameworks/OpenGL.framework/Versions/A/Resources/GLRendererFloat.bundle/GLRendererFloat
0x000000011dad7000 	/Library/Java/JavaVirtualMachines/jdk1.7.0_67.jdk/Contents/Home/jre/lib/libosxui.dylib
0x000000011f69e000 	/Library/Java/JavaVirtualMachines/jdk1.7.0_67.jdk/Contents/Home/jre/lib/libnet.dylib
0x000000011f5f4000 	/Library/Java/JavaVirtualMachines/jdk1.7.0_67.jdk/Contents/Home/jre/lib/libnio.dylib
0x00000000048d7000 	/System/Library/Frameworks/Accelerate.framework/Versions/A/Frameworks/vImage.framework/Versions/A/Libraries/libCGInterfaces.dylib
0x0000000121419000 	/System/Library/Extensions/AppleHDA.kext/Contents/PlugIns/AppleHDAHALPlugIn.bundle/Contents/MacOS/AppleHDAHALPlugIn
0x0000000121422000 	/Library/CoreMediaIO/Plug-Ins/DAL/AppleCamera.plugin/Contents/MacOS/AppleCamera
0x000000012144c000 	/System/Library/Frameworks/CoreMediaIO.framework/Resources/CMIOUnits.bundle/Contents/MacOS/CMIOUnits
0x000000012479a000 	/System/Library/PrivateFrameworks/FWAVC.framework/Versions/A/FWAVC
0x0000000124e2a000 	/System/Library/PrivateFrameworks/AppleGVA.framework/AppleGVA

VM Arguments:
jvm_args: -Dfile.encoding=UTF-8 
java_command: opencv.CamCap
Launcher Type: SUN_STANDARD

Environment Variables:
PATH=/usr/bin:/bin:/usr/sbin:/sbin
LD_LIBRARY_PATH=/Library/Java/JavaVirtualMachines/jdk1.7.0_67.jdk/Contents/Home/jre/lib/amd64:/Library/Java/JavaVirtualMachines/jdk1.7.0_67.jdk/Contents/Home/jre/lib/i386:
SHELL=/bin/bash
DYLD_LIBRARY_PATH=/Applications/NetBeans/NetBeans 8.0.app/Contents/Resources/NetBeans/webcommon/bin:

Signal Handlers:
SIGSEGV: [libjvm.dylib+0x52b6c9], sa_mask[0]=0xfffefeff, sa_flags=0x00000043
SIGBUS: [libjvm.dylib+0x52b6c9], sa_mask[0]=0xfffefeff, sa_flags=0x00000042
SIGFPE: [libjvm.dylib+0x41deaa], sa_mask[0]=0xfffefeff, sa_flags=0x00000042
SIGPIPE: [libjvm.dylib+0x41deaa], sa_mask[0]=0xfffefeff, sa_flags=0x00000042
SIGXFSZ: [libjvm.dylib+0x41deaa], sa_mask[0]=0xfffefeff, sa_flags=0x00000042
SIGILL: [libjvm.dylib+0x41deaa], sa_mask[0]=0xfffefeff, sa_flags=0x00000042
SIGUSR1: SIG_DFL, sa_mask[0]=0x00000000, sa_flags=0x00000000
SIGUSR2: [libjvm.dylib+0x41d99c], sa_mask[0]=0x00000004, sa_flags=0x00000042
SIGHUP: [libjvm.dylib+0x41bc2d], sa_mask[0]=0xfffefeff, sa_flags=0x00000042
SIGINT: SIG_IGN, sa_mask[0]=0x00000000, sa_flags=0x00000000
SIGTERM: [libjvm.dylib+0x41bc2d], sa_mask[0]=0xfffefeff, sa_flags=0x00000042
SIGQUIT: [libjvm.dylib+0x41bc2d], sa_mask[0]=0xfffefeff, sa_flags=0x00000042


---------------  S Y S T E M  ---------------

OS:Bsduname:Darwin 14.0.0 Darwin Kernel Version 14.0.0: Fri Sep 19 00:26:44 PDT 2014; root:xnu-2782.1.97~2/RELEASE_X86_64 x86_64
rlimit: STACK 8192k, CORE 0k, NPROC 709, NOFILE 10240, AS infinity
load average:1.56 1.51 1.43

CPU:total 8 (4 cores per cpu, 2 threads per core) family 6 model 70 stepping 1, cmov, cx8, fxsr, mmx, sse, sse2, sse3, ssse3, sse4.1, sse4.2, popcnt, avx, avx2, aes, erms, ht, tsc, tscinvbit

Memory: 4k page, physical 16777216k(4194304k free)

/proc/meminfo:


vm_info: Java HotSpot(TM) 64-Bit Server VM (24.65-b04) for bsd-amd64 JRE (1.7.0_67-b01), built on Jul 25 2014 08:51:51 by "java_re" with gcc 4.2.1 (Based on Apple Inc. build 5658) (LLVM build 2336.11.00)

time: Fri Nov  7 15:35:49 2014
elapsed time: 8 seconds

